<?xml version="1.0" encoding="UTF-8"?>

<mule xmlns:data-mapper="http://www.mulesoft.org/schema/mule/ee/data-mapper" xmlns:sap="http://www.mulesoft.org/schema/mule/sap" xmlns:sfdc="http://www.mulesoft.org/schema/mule/sfdc" xmlns="http://www.mulesoft.org/schema/mule/core" xmlns:doc="http://www.mulesoft.org/schema/mule/documentation" xmlns:spring="http://www.springframework.org/schema/beans" version="EE-3.5.0" xmlns:xsi="http://www.w3.org/2001/XMLSchema-instance" xsi:schemaLocation="http://www.springframework.org/schema/beans http://www.springframework.org/schema/beans/spring-beans-current.xsd
http://www.mulesoft.org/schema/mule/core http://www.mulesoft.org/schema/mule/core/current/mule.xsd
http://www.mulesoft.org/schema/mule/sfdc http://www.mulesoft.org/schema/mule/sfdc/current/mule-sfdc.xsd
http://www.mulesoft.org/schema/mule/sap http://www.mulesoft.org/schema/mule/sap/current/mule-sap.xsd
http://www.mulesoft.org/schema/mule/ee/data-mapper http://www.mulesoft.org/schema/mule/ee/data-mapper/current/mule-data-mapper.xsd">
    <sub-flow name="createContactSapFlow" doc:name="createContactSapFlow">
        <logger level="INFO" doc:name="Logger" message="5555555555555555555555555 #[payload]"/>
        
		<processor-chain doc:name="Processor Chain">
			<sap:outbound-endpoint exchange-pattern="request-response"
				connector-ref="SAP" type="function" functionName="BAPI_CUSTOMER_GETINTNUMBER"
				xmlVersion="2" outputXml="true" evaluateFunctionResponse="true"
				responseTimeout="10000" doc:name="Get Next Customer Number from SAP">
                <sap:definition><![CDATA[<jco>
	<import>
		<field name="ACCOUNTGROUP">ZAG2</field>
	</import>
</jco>
]]></sap:definition>

			</sap:outbound-endpoint>
		</processor-chain>
        <logger message="999999999999 #[payload]" level="INFO" doc:name="Logger"/>        
        
    </sub-flow>
    <sub-flow name="deleteFromSapFlow" doc:name="deleteFromSapFlow">
        <logger level="INFO" doc:name="Logger"/>
    </sub-flow>
    <sub-flow name="retrieveContactFromSalesforceFlow" doc:name="retrieveContactFromSalesforceFlow">
        <logger message="aaaaaaaaaaaaaa #[payload]" level="INFO" doc:name="Logger"/>
        <sfdc:query-single config-ref="Salesforce" query="SELECT Id, AccountID, Account.Name, FirstName, LastName FROM Contact WHERE FirstName = '#[payload[&quot;FirstName&quot;]]' and LastName = '#[payload[&quot;LastName&quot;]]'" doc:name="Salesforce" />
        <logger level="INFO" doc:name="Logger"/>
    </sub-flow>
    <sub-flow name="deleteFromSalesforceFlow" doc:name="deleteFromSalesforceFlow">
        <logger message="#[payload]" level="INFO" doc:name="Logger"/>
        <sfdc:delete config-ref="Salesforce" doc:name="Salesforce">
            <sfdc:ids ref="#[payload]"/>
        </sfdc:delete>
        <logger message="#[payload]" level="INFO" doc:name="Logger"/>
    </sub-flow>

</mule>